{
  "RSpec": {
    "coverage": {
      "/home/taskcraft/Desktop/Associations/app/models/appointment.rb": {
        "lines": [
          1,
          1,
          1,
          null
        ]
      },
      "/home/taskcraft/Desktop/Associations/app/models/application_record.rb": {
        "lines": [
          1,
          1,
          null
        ]
      },
      "/home/taskcraft/Desktop/Associations/app/models/patient.rb": {
        "lines": [
          1,
          1,
          1,
          null
        ]
      },
      "/home/taskcraft/Desktop/Associations/app/models/physician.rb": {
        "lines": [
          1,
          1,
          1,
          null
        ]
      },
      "/home/taskcraft/Desktop/Associations/app/models/user.rb": {
        "lines": [
          1,
          null,
          1,
          1,
          1,
          5,
          0,
          null,
          null,
          null
        ]
      },
      "/home/taskcraft/Desktop/Associations/app/controllers/application_controller.rb": {
        "lines": [
          1,
          1,
          null,
          1,
          null,
          1,
          null,
          1,
          1,
          0,
          0,
          0,
          0,
          null,
          null
        ]
      },
      "/home/taskcraft/Desktop/Associations/app/helpers/application_helper.rb": {
        "lines": [
          1,
          null
        ]
      },
      "/home/taskcraft/Desktop/Associations/app/helpers/authentication_helper.rb": {
        "lines": [
          1,
          null
        ]
      },
      "/home/taskcraft/Desktop/Associations/app/helpers/forgot_passwords_helper.rb": {
        "lines": [
          1,
          null
        ]
      },
      "/home/taskcraft/Desktop/Associations/app/helpers/users_helper.rb": {
        "lines": [
          1,
          null
        ]
      },
      "/home/taskcraft/Desktop/Associations/app/models/concerns/json_web_token.rb": {
        "lines": [
          null,
          1,
          1,
          1,
          null,
          1,
          null,
          null,
          1,
          null,
          1,
          0,
          null,
          null,
          1,
          0,
          null,
          null,
          1,
          0,
          0,
          null,
          null,
          1,
          0,
          0,
          null,
          null,
          null
        ]
      },
      "/home/taskcraft/Desktop/Associations/app/admin/appointments.rb": {
        "lines": [
          1,
          null,
          null,
          null,
          null,
          null,
          null,
          null,
          null,
          null,
          null,
          null,
          null,
          null,
          null,
          null,
          null,
          null
        ]
      },
      "/home/taskcraft/Desktop/Associations/app/admin/dashboard.rb": {
        "lines": [
          null,
          1,
          1,
          null,
          1,
          0,
          0,
          0,
          0,
          null,
          null,
          null,
          null,
          null,
          null,
          null,
          null,
          null,
          null,
          null,
          null,
          null,
          null,
          null,
          null,
          null,
          null,
          null,
          null,
          null,
          null,
          null,
          null
        ]
      },
      "/home/taskcraft/Desktop/Associations/app/admin/patients.rb": {
        "lines": [
          1,
          null,
          null,
          null,
          null,
          null,
          null,
          null,
          null,
          null,
          null,
          null,
          null,
          null,
          null,
          null,
          null,
          null
        ]
      },
      "/home/taskcraft/Desktop/Associations/app/admin/physicians.rb": {
        "lines": [
          1,
          null,
          null,
          null,
          null,
          null,
          null,
          null,
          null,
          null,
          null,
          null,
          null,
          null,
          null,
          null,
          null,
          null
        ]
      },
      "/home/taskcraft/Desktop/Associations/app/controllers/forgot_passwords_controller.rb": {
        "lines": [
          1,
          null,
          1,
          null,
          1,
          null,
          1,
          null,
          3,
          3,
          2,
          2,
          2,
          2,
          2,
          2,
          null,
          1,
          null,
          null,
          null,
          null,
          1,
          1,
          1,
          0,
          0,
          null,
          1,
          null,
          null,
          null,
          null
        ]
      },
      "/home/taskcraft/Desktop/Associations/app/mailers/send_otp_mailer.rb": {
        "lines": [
          1,
          null,
          1,
          1,
          1,
          1,
          null,
          null,
          null
        ]
      },
      "/home/taskcraft/Desktop/Associations/app/mailers/application_mailer.rb": {
        "lines": [
          1,
          1,
          1,
          null
        ]
      },
      "/home/taskcraft/Desktop/Associations/app/channels/application_cable/connection.rb": {
        "lines": [
          0,
          0,
          0,
          0
        ],
        "branches": {
        }
      },
      "/home/taskcraft/Desktop/Associations/app/channels/application_cable/channel.rb": {
        "lines": [
          0,
          0,
          0,
          0
        ],
        "branches": {
        }
      },
      "/home/taskcraft/Desktop/Associations/app/models/tag.rb": {
        "lines": [
          0,
          0,
          0
        ],
        "branches": {
        }
      },
      "/home/taskcraft/Desktop/Associations/app/models/post.rb": {
        "lines": [
          0,
          0,
          0
        ],
        "branches": {
        }
      },
      "/home/taskcraft/Desktop/Associations/app/jobs/application_job.rb": {
        "lines": [
          0,
          null,
          null,
          null,
          null,
          null,
          0
        ],
        "branches": {
        }
      },
      "/home/taskcraft/Desktop/Associations/app/controllers/authentication_controller.rb": {
        "lines": [
          0,
          0,
          0,
          null,
          0,
          0,
          null,
          0,
          0,
          0,
          0,
          0,
          0,
          0,
          0,
          0,
          null,
          0,
          0,
          0,
          0,
          0,
          0,
          0,
          null,
          null,
          null,
          null,
          0
        ],
        "branches": {
        }
      },
      "/home/taskcraft/Desktop/Associations/app/controllers/users_controller.rb": {
        "lines": [
          0,
          0,
          0,
          null,
          0,
          0,
          0,
          null,
          0,
          0,
          0,
          0,
          0,
          0,
          0,
          0,
          null,
          0,
          0,
          0,
          null,
          0,
          0,
          0,
          0,
          0,
          0,
          0,
          0,
          0,
          null,
          0,
          0,
          0,
          0,
          0,
          0,
          0,
          0,
          0,
          0,
          0,
          0,
          null,
          0,
          0,
          0,
          null,
          0,
          0,
          0,
          0,
          0,
          0,
          0,
          0,
          null,
          null,
          0,
          0,
          0,
          0,
          null,
          0,
          0,
          0,
          0
        ],
        "branches": {
        }
      }
    },
    "timestamp": 1706594722
  }
}
