{
  "RSpec": {
    "coverage": {
      "/home/taskcraft/Desktop/Associations/app/models/appointment.rb": {
        "lines": [
          1,
          1,
          1,
          null
        ]
      },
      "/home/taskcraft/Desktop/Associations/app/models/application_record.rb": {
        "lines": [
          1,
          1,
          null
        ]
      },
      "/home/taskcraft/Desktop/Associations/app/models/patient.rb": {
        "lines": [
          1,
          1,
          1,
          null
        ]
      },
      "/home/taskcraft/Desktop/Associations/app/models/physician.rb": {
        "lines": [
          1,
          1,
          1,
          null
        ]
      },
      "/home/taskcraft/Desktop/Associations/app/models/user.rb": {
        "lines": [
          1,
          1,
          1,
          1,
          1,
          1,
          null,
          null,
          null,
          1,
          1,
          1,
          0,
          null,
          null,
          null,
          null,
          1,
          1,
          0,
          null,
          null,
          null
        ]
      },
      "/home/taskcraft/Desktop/Associations/app/models/concerns/searchable.rb": {
        "lines": [
          1,
          1,
          1,
          null,
          1,
          1,
          1,
          null,
          1,
          1,
          null,
          null,
          1,
          null,
          0,
          null,
          null,
          null,
          null,
          null,
          null,
          null,
          0,
          null,
          null,
          null
        ]
      },
      "/home/taskcraft/Desktop/Associations/app/controllers/application_controller.rb": {
        "lines": [
          1,
          1,
          null,
          1,
          null,
          1,
          null,
          1,
          1,
          1,
          1,
          1,
          1,
          null,
          null
        ]
      },
      "/home/taskcraft/Desktop/Associations/app/helpers/application_helper.rb": {
        "lines": [
          1,
          null
        ]
      },
      "/home/taskcraft/Desktop/Associations/app/helpers/assign_subs_helper.rb": {
        "lines": [
          1,
          null
        ]
      },
      "/home/taskcraft/Desktop/Associations/app/helpers/authentication_helper.rb": {
        "lines": [
          1,
          null
        ]
      },
      "/home/taskcraft/Desktop/Associations/app/helpers/categories_helper.rb": {
        "lines": [
          1,
          null
        ]
      },
      "/home/taskcraft/Desktop/Associations/app/helpers/forgot_passwords_helper.rb": {
        "lines": [
          1,
          null
        ]
      },
      "/home/taskcraft/Desktop/Associations/app/helpers/payments_helper.rb": {
        "lines": [
          1,
          null
        ]
      },
      "/home/taskcraft/Desktop/Associations/app/helpers/users_helper.rb": {
        "lines": [
          1,
          null
        ]
      },
      "/home/taskcraft/Desktop/Associations/app/models/concerns/json_web_token.rb": {
        "lines": [
          null,
          1,
          1,
          1,
          null,
          1,
          null,
          null,
          1,
          null,
          1,
          0,
          null,
          null,
          1,
          0,
          null,
          null,
          1,
          1,
          1,
          null,
          null,
          1,
          1,
          1,
          null,
          null,
          null
        ]
      },
      "/home/taskcraft/Desktop/Associations/app/admin/appointments.rb": {
        "lines": [
          1,
          null,
          null,
          null,
          null,
          null,
          null,
          null,
          null,
          null,
          null,
          null,
          null,
          null,
          null,
          null,
          null,
          null
        ]
      },
      "/home/taskcraft/Desktop/Associations/app/admin/assign_subs.rb": {
        "lines": [
          1,
          null,
          null,
          null,
          null,
          null,
          null,
          1,
          null,
          null,
          null,
          null,
          null,
          null,
          null,
          null,
          null,
          null
        ]
      },
      "/home/taskcraft/Desktop/Associations/app/models/assign_sub.rb": {
        "lines": [
          1,
          1,
          1,
          null
        ]
      },
      "/home/taskcraft/Desktop/Associations/app/admin/categories.rb": {
        "lines": [
          1,
          1,
          null,
          1,
          0,
          0,
          0,
          0,
          0,
          0,
          null,
          0,
          null,
          null,
          0,
          null,
          null,
          1,
          0,
          0,
          0,
          null,
          0,
          null,
          null
        ]
      },
      "/home/taskcraft/Desktop/Associations/app/models/category.rb": {
        "lines": [
          1,
          1,
          1,
          null
        ]
      },
      "/home/taskcraft/Desktop/Associations/app/admin/dashboard.rb": {
        "lines": [
          null,
          1,
          1,
          null,
          1,
          0,
          0,
          0,
          0,
          null,
          null,
          null,
          null,
          null,
          null,
          null,
          null,
          null,
          null,
          null,
          null,
          null,
          null,
          null,
          null,
          null,
          null,
          null,
          null,
          null,
          null,
          null,
          null
        ]
      },
      "/home/taskcraft/Desktop/Associations/app/admin/patients.rb": {
        "lines": [
          1,
          null,
          null,
          null,
          null,
          null,
          null,
          null,
          null,
          null,
          null,
          null,
          null,
          null,
          null,
          null,
          null,
          null
        ]
      },
      "/home/taskcraft/Desktop/Associations/app/admin/physicians.rb": {
        "lines": [
          1,
          null,
          null,
          null,
          null,
          null,
          null,
          null,
          null,
          null,
          null,
          null,
          null,
          null,
          null,
          null,
          null,
          null
        ]
      },
      "/home/taskcraft/Desktop/Associations/app/admin/subcategories.rb": {
        "lines": [
          1,
          null,
          null,
          null,
          null,
          null,
          null,
          1,
          null,
          null,
          null,
          null,
          null,
          null,
          null,
          null,
          null,
          null
        ]
      },
      "/home/taskcraft/Desktop/Associations/app/models/subcategory.rb": {
        "lines": [
          1,
          1,
          null
        ]
      },
      "/home/taskcraft/Desktop/Associations/app/admin/subcsriptions.rb": {
        "lines": [
          1,
          null,
          null,
          null,
          null,
          null,
          null,
          1,
          null,
          null,
          null,
          null,
          null,
          null,
          null,
          null,
          null,
          null
        ]
      },
      "/home/taskcraft/Desktop/Associations/app/models/subcsription.rb": {
        "lines": [
          1,
          1,
          1,
          null
        ]
      },
      "/home/taskcraft/Desktop/Associations/app/admin/users.rb": {
        "lines": [
          1,
          null,
          null,
          null,
          null,
          null,
          null,
          1,
          null,
          null,
          null,
          null,
          null,
          null,
          null,
          null,
          null,
          null
        ]
      },
      "/home/taskcraft/Desktop/Associations/app/controllers/assign_subs_controller.rb": {
        "lines": [
          1,
          null,
          1,
          1,
          1,
          null,
          null,
          1,
          0,
          0,
          null,
          null,
          null
        ]
      },
      "/home/taskcraft/Desktop/Associations/app/channels/application_cable/connection.rb": {
        "lines": [
          0,
          0,
          0,
          0
        ],
        "branches": {
        }
      },
      "/home/taskcraft/Desktop/Associations/app/channels/application_cable/channel.rb": {
        "lines": [
          0,
          0,
          0,
          0
        ],
        "branches": {
        }
      },
      "/home/taskcraft/Desktop/Associations/app/models/tag.rb": {
        "lines": [
          0,
          0,
          0
        ],
        "branches": {
        }
      },
      "/home/taskcraft/Desktop/Associations/app/models/product.rb": {
        "lines": [
          0,
          0
        ],
        "branches": {
        }
      },
      "/home/taskcraft/Desktop/Associations/app/models/post.rb": {
        "lines": [
          0,
          0,
          0
        ],
        "branches": {
        }
      },
      "/home/taskcraft/Desktop/Associations/app/jobs/delete_user_job.rb": {
        "lines": [
          0,
          0,
          null,
          0,
          0,
          0,
          0,
          0,
          0,
          null,
          0
        ],
        "branches": {
        }
      },
      "/home/taskcraft/Desktop/Associations/app/jobs/application_job.rb": {
        "lines": [
          0,
          null,
          null,
          null,
          null,
          null,
          0
        ],
        "branches": {
        }
      },
      "/home/taskcraft/Desktop/Associations/app/jobs/send_emails_job.rb": {
        "lines": [
          0,
          0,
          null,
          0,
          0,
          0,
          null,
          null,
          null,
          0
        ],
        "branches": {
        }
      },
      "/home/taskcraft/Desktop/Associations/app/mailers/send_otp_mailer.rb": {
        "lines": [
          0,
          null,
          0,
          0,
          0,
          0,
          0,
          null,
          0
        ],
        "branches": {
        }
      },
      "/home/taskcraft/Desktop/Associations/app/mailers/application_mailer.rb": {
        "lines": [
          0,
          0,
          0,
          0
        ],
        "branches": {
        }
      },
      "/home/taskcraft/Desktop/Associations/app/mailers/delete_user_mailer.rb": {
        "lines": [
          0,
          null,
          0,
          0,
          0,
          0,
          0
        ],
        "branches": {
        }
      },
      "/home/taskcraft/Desktop/Associations/app/controllers/payments_controller.rb": {
        "lines": [
          0,
          0,
          null,
          0,
          0,
          null,
          0,
          0,
          0,
          null,
          null,
          0,
          null,
          null,
          0,
          0,
          0,
          0,
          0,
          0,
          0,
          0,
          0,
          0,
          null,
          null,
          0,
          0,
          null,
          0,
          null,
          null,
          null,
          null,
          null,
          0,
          null,
          null,
          null,
          null,
          null,
          null,
          null
        ],
        "branches": {
        }
      },
      "/home/taskcraft/Desktop/Associations/app/controllers/categories_controller.rb": {
        "lines": [
          0,
          0,
          null,
          null,
          0,
          0,
          0,
          0,
          0,
          0,
          0,
          0,
          0,
          0,
          0,
          null,
          null,
          0,
          0,
          0,
          0,
          0,
          0,
          0,
          0,
          null,
          null,
          0,
          0,
          0,
          0,
          0
        ],
        "branches": {
        }
      },
      "/home/taskcraft/Desktop/Associations/app/controllers/authentication_controller.rb": {
        "lines": [
          0,
          0,
          0,
          null,
          0,
          0,
          null,
          0,
          0,
          0,
          0,
          0,
          0,
          0,
          0,
          0,
          null,
          0,
          0,
          0,
          0,
          0,
          0,
          0,
          null,
          null,
          null,
          null,
          0
        ],
        "branches": {
        }
      },
      "/home/taskcraft/Desktop/Associations/app/controllers/users_controller.rb": {
        "lines": [
          0,
          0,
          0,
          null,
          0,
          0,
          0,
          0,
          0,
          0,
          0,
          0,
          0,
          0,
          0,
          null,
          0,
          0,
          0,
          0,
          0,
          0,
          0,
          0,
          0,
          null,
          0,
          0,
          0,
          null,
          0,
          0,
          0,
          0,
          0,
          0,
          0,
          0,
          0,
          null,
          0,
          0,
          0,
          0,
          0,
          0,
          0,
          0,
          0,
          0,
          0,
          0,
          null,
          0,
          0,
          0,
          null,
          0,
          0,
          0,
          0,
          0,
          0,
          0,
          0,
          null,
          null,
          0,
          0,
          0,
          0,
          0,
          0,
          0,
          0,
          0,
          0,
          0,
          0,
          null,
          null,
          0,
          0,
          0,
          0,
          0,
          0,
          0,
          0,
          0,
          0,
          0,
          null,
          null,
          0,
          null,
          0,
          0,
          0,
          null,
          0,
          0,
          0,
          0
        ],
        "branches": {
        }
      },
      "/home/taskcraft/Desktop/Associations/app/controllers/forgot_passwords_controller.rb": {
        "lines": [
          0,
          null,
          0,
          null,
          0,
          null,
          0,
          0,
          0,
          0,
          0,
          0,
          0,
          0,
          0,
          0,
          0,
          null,
          0,
          0,
          null,
          0,
          0,
          0,
          0,
          0,
          0,
          0,
          0,
          0,
          null,
          0
        ],
        "branches": {
        }
      }
    },
    "timestamp": 1707744182
  }
}
